[12May2025 14:25:53.085] [main/INFO] [FabricLoader/GameProvider/]: Loading Minecraft 1.21 Arclight arclight-1.21-1.0.0-SNAPSHOT-b3349e9 with Fabric Loader 0.15.11
mainEx[12May2025 14:25:54.108] [main/INFO] [FabricLoader/]: Loading 41 mods:
	- arclight 1.0.0-SNAPSHOT+b3349e9
	- fabric-api 0.100.1+1.21
	   |-- fabric-api-base 0.4.42+6573ed8c90
	   |-- fabric-api-lookup-api-v1 1.6.65+b559734490
	   |-- fabric-biome-api-v1 13.0.28+6fc22b9990
	   |-- fabric-block-api-v1 1.0.22+0af3f5a790
	   |-- fabric-block-view-api-v2 1.0.10+6573ed8c90
	   |-- fabric-blockrenderlayer-v1 1.1.52+0af3f5a790
	   |-- fabric-client-tags-api-v1 1.1.15+6573ed8c90
	   |-- fabric-command-api-v1 1.2.48+f71b366f90
	   |-- fabric-command-api-v2 2.2.27+6a6dfa1990
	   |-- fabric-commands-v0 0.2.65+df3654b390
	   |-- fabric-content-registries-v0 8.0.11+b559734490
	   |-- fabric-convention-tags-v1 2.0.12+7f945d5b90
	   |-- fabric-convention-tags-v2 2.2.1+d153f34490
	   |-- fabric-crash-report-info-v1 0.2.29+0af3f5a790
	   |-- fabric-data-attachment-api-v1 1.1.22+6a6dfa1990
	   |-- fabric-data-generation-api-v1 20.2.6+16c4ae2590
	   |-- fabric-dimensions-v1 4.0.0+6fc22b9990
	   |-- fabric-entity-events-v1 1.6.12+6fc22b9990
	   |-- fabric-events-interaction-v0 0.7.10+e633f88390
	   |-- fabric-game-rule-api-v1 1.0.52+6573ed8c90
	   |-- fabric-item-api-v1 11.0.0+afdfc92190
	   |-- fabric-item-group-api-v1 4.1.0+00ab0a6390
	   |-- fabric-key-binding-api-v1 1.0.47+0af3f5a790
	   |-- fabric-keybindings-v0 0.2.45+df3654b390
	   |-- fabric-lifecycle-events-v1 2.3.9+98a7dbbb90
	   |-- fabric-loot-api-v2 3.0.9+6573ed8c90
	   |-- fabric-message-api-v1 6.0.13+6573ed8c90
	   |-- fabric-model-loading-api-v1 2.0.0+fe474d6b90
	   |-- fabric-networking-api-v1 4.1.0+686dcdce90
	   |-- fabric-object-builder-api-v1 15.1.10+d132107690
	   |-- fabric-particles-v1 4.0.2+6573ed8c90
	   |-- fabric-recipe-api-v1 5.0.8+6573ed8c90
	   |-- fabric-registry-sync-v0 5.0.21+b9828ba390
	   |-- fabric-renderer-api-v1 3.2.16+fe474d6b90
	   |-- fabric-renderer-indigo 1.6.3+cc9f121a90
	   |-- fabric-renderer-registries-v1 3.2.66+df3654b390
	   |-- fabric-rendering-data-attachment-v1 0.3.48+73761d2e90
	   |-- fabric-rendering-fluids-v1 3.1.6+b559734490
	   |-- fabric-rendering-v0 1.1.69+df3654b390
	   |-- fabric-rendering-v1 5.0.3+d132107690
	   |-- fabric-resource-conditions-api-v1 4.2.1+d153f34490
	   |-- fabric-resource-loader-v0 1.1.3+b559734490
	   |-- fabric-screen-api-v1 2.0.24+b559734490
	   |-- fabric-screen-handler-api-v1 1.3.78+b559734490
	   |-- fabric-sound-api-v1 1.0.23+6573ed8c90
	   |-- fabric-transfer-api-v1 5.1.12+b559734490
	   \-- fabric-transitive-access-wideners-v1 6.0.12+6573ed8c90
	- fabricloader 0.15.11
	   \-- mixinextras 0.3.5
	- java 21
	- minecraft 1.21
mainEx[12May2025 14:25:55.140] [main/INFO] [FabricLoader/Mixin/]: SpongePowered MIXIN Subsystem Version=0.8.5 Source=file:/workspaces/servesitouwu/servidor_minecraft/libraries/net/fabricmc/sponge-mixin/0.13.3+mixin.0.8.5/sponge-mixin-0.13.3+mixin.0.8.5.jar Service=Knot/Fabric Env=SERVER
mainEx[12May2025 14:25:55.607] [main/INFO] [FabricLoader/Mixin/]: Compatibility level set to JAVA_17
mainEx[12May2025 14:25:57.192] [main/INFO] [Arclight/]: Using locale en_ and fallback locale en_us
mainEx[12May2025 14:25:57.198] [main/INFO] [Arclight/]: 

       ___           ___     __   /\
      /   | ________/ (_)__ / /  / /
     / /| |/ __/ __/ / / _ / _ \/__/
    / ___ / / / /_/ / / / / // / /
   /_/  |/_/  \__/_/_/\_ /_//_/ /
                     /__/     \/

    Version 诸王 (Feudal Kings) / arclight-1.21-1.0.0-SNAPSHOT-b3349e9
    Build Date 2024-06-29 03:46:12

mainEx[12May2025 14:26:00.792] [main/INFO] [FabricLoader/MixinExtras|Service/]: Initializing MixinExtras via com.llamalad7.mixinextras.service.MixinExtrasServiceImpl(version=0.3.5).
mainEx[12May2025 14:26:28.744] [main/INFO] [com.mojang.authlib.yggdrasil.YggdrasilAuthenticationService/]: Environment: Environment[sessionHost=https://sessionserver.mojang.com, servicesHost=https://api.minecraftservices.com, name=PROD]
mainEx[12May2025 14:26:32.137] [main/INFO] [net.minecraft.server.Main/]: No existing world data, creating new world
mainEx[12May2025 14:26:35.231] [main/INFO] [net.minecraft.class_1863/]: Loaded 1290 recipes
mainEx[12May2025 14:26:35.825] [main/INFO] [net.minecraft.class_163/]: Loaded 1399 advancements
mainEx[12May2025 14:26:36.921] [main/INFO] [net.fabricmc.fabric.impl.biome.modification.BiomeModificationImpl/]: Applied 0 biome modifications to 0 of 64 new biomes in 3.902 ms
mainEx[12May2025 14:26:36.944] [Server thread/INFO] [net.minecraft.class_3176/]: Starting minecraft server version 1.21
Server threadEx[12May2025 14:26:36.944] [Server thread/INFO] [net.minecraft.class_3176/]: Loading properties
Server threadEx[12May2025 14:26:36.944] [Server thread/INFO] [net.minecraft.class_3176/]: Default game type: SURVIVAL
Server threadEx[12May2025 14:26:36.944] [Server thread/INFO] [net.minecraft.server.MinecraftServer/]: Generating keypair
Server threadEx[12May2025 14:26:37.089] [Server thread/INFO] [net.minecraft.class_3176/]: Starting Minecraft server on *:25565
Server threadEx[12May2025 14:26:37.323] [Server thread/INFO] [net.minecraft.class_3242/]: Using epoll channel type
Server threadEx[12May2025 14:26:37.641] [Server thread/WARN] [net.minecraft.class_3176/]: **** SERVER IS RUNNING IN OFFLINE/INSECURE MODE!
Server threadEx[12May2025 14:26:37.641] [Server thread/WARN] [net.minecraft.class_3176/]: The server will make no attempt to authenticate usernames. Beware.
Server threadEx[12May2025 14:26:37.641] [Server thread/WARN] [net.minecraft.class_3176/]: While this makes the game possible to play without internet access, it also opens up the ability for hackers to connect with any username they choose.
Server threadEx[12May2025 14:26:37.641] [Server thread/WARN] [net.minecraft.class_3176/]: To change this, set "online-mode" to "true" in the server.properties file.
Server threadEx[12May2025 14:26:38.316] [Server thread/INFO] [Minecraft/]: This server is running Arclight version arclight-1.21-1.0.0-SNAPSHOT-b3349e9 (MC: 1.21) (Implementing API version 1.21-R0.1-SNAPSHOT)
Server threadEx[12May2025 14:26:40.945] [Server thread/INFO] [Arclight/]: Registering for Bukkit ...
Server threadEx[12May2025 14:26:41.063] [Server thread/INFO] [Arclight/]: Registered 0 new materials with 0 blocks and 0 items
Server threadEx[12May2025 14:26:41.484] [Server thread/INFO] [Arclight/]: Registered 0 new entity types
Server threadEx[12May2025 14:26:41.487] [Server thread/INFO] [Arclight/]: Registered 0 new villager professions
Server threadEx[12May2025 14:26:41.488] [Server thread/INFO] [Arclight/]: Registered 0 new biomes
Server threadEx[12May2025 14:26:41.553] [Server thread/INFO] [net.minecraft.class_2983/]: [STDOUT]: Server Ping Player Sample Count: 12
Server threadEx[12May2025 14:26:41.570] [Server thread/INFO] [Minecraft/]: Using 4 threads for Netty based IO
Server threadEx[12May2025 14:26:41.571] [Server thread/INFO] [Minecraft/]: Debug logging is enabled
Server threadEx[12May2025 14:26:41.984] [Server thread/INFO] [net.minecraft.class_3176/]: Preparing level "femboysword"
Server threadEx[12May2025 14:26:42.013] [Server thread/INFO] [Arclight/]: Registered 0 new dimensions
Server threadEx[12May2025 14:26:43.022] [Server thread/INFO] [Minecraft/]: -------- World Settings For [femboysword] --------
Server threadEx[12May2025 14:26:43.023] [Server thread/INFO] [Minecraft/]: Zombie Aggressive Towards Villager: true
Server threadEx[12May2025 14:26:43.027] [Server thread/INFO] [Minecraft/]: Experience Merge Radius: 3.0
Server threadEx[12May2025 14:26:43.027] [Server thread/INFO] [Minecraft/]: Mob Spawn Range: 6
Server threadEx[12May2025 14:26:43.027] [Server thread/INFO] [Minecraft/]: Arrow Despawn Rate: 1200 Trident Respawn Rate:1200
Server threadEx[12May2025 14:26:43.027] [Server thread/INFO] [Minecraft/]: Allow Zombie Pigmen to spawn from portal blocks: true
Server threadEx[12May2025 14:26:43.028] [Server thread/INFO] [Minecraft/]: Cactus Growth Modifier: 100%
Server threadEx[12May2025 14:26:43.028] [Server thread/INFO] [Minecraft/]: Cane Growth Modifier: 100%
Server threadEx[12May2025 14:26:43.028] [Server thread/INFO] [Minecraft/]: Melon Growth Modifier: 100%
Server threadEx[12May2025 14:26:43.028] [Server thread/INFO] [Minecraft/]: Mushroom Growth Modifier: 100%
Server threadEx[12May2025 14:26:43.028] [Server thread/INFO] [Minecraft/]: Pumpkin Growth Modifier: 100%
Server threadEx[12May2025 14:26:43.028] [Server thread/INFO] [Minecraft/]: Sapling Growth Modifier: 100%
Server threadEx[12May2025 14:26:43.028] [Server thread/INFO] [Minecraft/]: Beetroot Growth Modifier: 100%
Server threadEx[12May2025 14:26:43.028] [Server thread/INFO] [Minecraft/]: Carrot Growth Modifier: 100%
Server threadEx[12May2025 14:26:43.028] [Server thread/INFO] [Minecraft/]: Potato Growth Modifier: 100%
Server threadEx[12May2025 14:26:43.028] [Server thread/INFO] [Minecraft/]: Wheat Growth Modifier: 100%
Server threadEx[12May2025 14:26:43.028] [Server thread/INFO] [Minecraft/]: NetherWart Growth Modifier: 100%
Server threadEx[12May2025 14:26:43.028] [Server thread/INFO] [Minecraft/]: Vine Growth Modifier: 100%
Server threadEx[12May2025 14:26:43.028] [Server thread/INFO] [Minecraft/]: Cocoa Growth Modifier: 100%
Server threadEx[12May2025 14:26:43.028] [Server thread/INFO] [Minecraft/]: Bamboo Growth Modifier: 100%
Server threadEx[12May2025 14:26:43.028] [Server thread/INFO] [Minecraft/]: SweetBerry Growth Modifier: 100%
Server threadEx[12May2025 14:26:43.028] [Server thread/INFO] [Minecraft/]: Kelp Growth Modifier: 100%
Server threadEx[12May2025 14:26:43.028] [Server thread/INFO] [Minecraft/]: TwistingVines Growth Modifier: 100%
Server threadEx[12May2025 14:26:43.028] [Server thread/INFO] [Minecraft/]: WeepingVines Growth Modifier: 100%
Server threadEx[12May2025 14:26:43.028] [Server thread/INFO] [Minecraft/]: CaveVines Growth Modifier: 100%
Server threadEx[12May2025 14:26:43.078] [Server thread/INFO] [Minecraft/]: Entity Activation Range: An 32 / Mo 32 / Ra 48 / Mi 16 / Tiv true / Isa false
Server threadEx[12May2025 14:26:43.079] [Server thread/INFO] [Minecraft/]: Entity Tracking Range: Pl 48 / An 48 / Mo 48 / Mi 32 / Di 128 / Other 64
Server threadEx[12May2025 14:26:43.095] [Server thread/INFO] [Minecraft/]: Hopper Transfer: 8 Hopper Check: 1 Hopper Amount: 1 Hopper Can Load Chunks: false
Server threadEx[12May2025 14:26:43.113] [Server thread/INFO] [Minecraft/]: Custom Map Seeds:  Village: 10387312 Desert: 14357617 Igloo: 14357618 Jungle: 14357619 Swamp: 14357620 Monument: 10387313 Ocean: 14357621 Shipwreck: 165745295 End City: 10387313 Slime: 987234911 Nether: 30084232 Mansion: 10387319 Fossil: 14357921 Portal: 34222645
Server threadEx[12May2025 14:26:43.119] [Server thread/INFO] [Minecraft/]: Max TNT Explosions: 100
Server threadEx[12May2025 14:26:43.122] [Server thread/INFO] [Minecraft/]: Tile Max Tick Time: 50ms Entity max Tick Time: 50ms
Server threadEx[12May2025 14:26:43.122] [Server thread/INFO] [Minecraft/]: View Distance: 10
Server threadEx[12May2025 14:26:43.123] [Server thread/INFO] [Minecraft/]: Item Merge Radius: 2.5
Server threadEx[12May2025 14:26:43.123] [Server thread/INFO] [Minecraft/]: Item Despawn Rate: 6000
Server threadEx[12May2025 14:26:43.123] [Server thread/INFO] [Minecraft/]: Nerfing mobs spawned from spawners: false
Server threadEx[12May2025 14:26:43.123] [Server thread/INFO] [Minecraft/]: Simulation Distance: 10
Server threadEx[12May2025 14:27:06.580] [Server thread/INFO] [Minecraft/]: -------- World Settings For [femboysword/DIM1] --------
Server threadEx[12May2025 14:27:06.581] [Server thread/INFO] [Minecraft/]: Zombie Aggressive Towards Villager: true
Server threadEx[12May2025 14:27:06.582] [Server thread/INFO] [Minecraft/]: Experience Merge Radius: 3.0
Server threadEx[12May2025 14:27:06.583] [Server thread/INFO] [Minecraft/]: Mob Spawn Range: 6
Server threadEx[12May2025 14:27:06.583] [Server thread/INFO] [Minecraft/]: Arrow Despawn Rate: 1200 Trident Respawn Rate:1200
Server threadEx[12May2025 14:27:06.583] [Server thread/INFO] [Minecraft/]: Allow Zombie Pigmen to spawn from portal blocks: true
Server threadEx[12May2025 14:27:06.583] [Server thread/INFO] [Minecraft/]: Cactus Growth Modifier: 100%
Server threadEx[12May2025 14:27:06.583] [Server thread/INFO] [Minecraft/]: Cane Growth Modifier: 100%
Server threadEx[12May2025 14:27:06.583] [Server thread/INFO] [Minecraft/]: Melon Growth Modifier: 100%
Server threadEx[12May2025 14:27:06.583] [Server thread/INFO] [Minecraft/]: Mushroom Growth Modifier: 100%
Server threadEx[12May2025 14:27:06.583] [Server thread/INFO] [Minecraft/]: Pumpkin Growth Modifier: 100%
Server threadEx[12May2025 14:27:06.583] [Server thread/INFO] [Minecraft/]: Sapling Growth Modifier: 100%
Server threadEx[12May2025 14:27:06.583] [Server thread/INFO] [Minecraft/]: Beetroot Growth Modifier: 100%
Server threadEx[12May2025 14:27:06.583] [Server thread/INFO] [Minecraft/]: Carrot Growth Modifier: 100%
Server threadEx[12May2025 14:27:06.583] [Server thread/INFO] [Minecraft/]: Potato Growth Modifier: 100%
Server threadEx[12May2025 14:27:06.583] [Server thread/INFO] [Minecraft/]: Wheat Growth Modifier: 100%
Server threadEx[12May2025 14:27:06.583] [Server thread/INFO] [Minecraft/]: NetherWart Growth Modifier: 100%
Server threadEx[12May2025 14:27:06.583] [Server thread/INFO] [Minecraft/]: Vine Growth Modifier: 100%
Server threadEx[12May2025 14:27:06.583] [Server thread/INFO] [Minecraft/]: Cocoa Growth Modifier: 100%
Server threadEx[12May2025 14:27:06.584] [Server thread/INFO] [Minecraft/]: Bamboo Growth Modifier: 100%
Server threadEx[12May2025 14:27:06.584] [Server thread/INFO] [Minecraft/]: SweetBerry Growth Modifier: 100%
Server threadEx[12May2025 14:27:06.584] [Server thread/INFO] [Minecraft/]: Kelp Growth Modifier: 100%
Server threadEx[12May2025 14:27:06.584] [Server thread/INFO] [Minecraft/]: TwistingVines Growth Modifier: 100%
Server threadEx[12May2025 14:27:06.584] [Server thread/INFO] [Minecraft/]: WeepingVines Growth Modifier: 100%
Server threadEx[12May2025 14:27:06.584] [Server thread/INFO] [Minecraft/]: CaveVines Growth Modifier: 100%
Server threadEx[12May2025 14:27:06.584] [Server thread/INFO] [Minecraft/]: Entity Activation Range: An 32 / Mo 32 / Ra 48 / Mi 16 / Tiv true / Isa false
Server threadEx[12May2025 14:27:06.584] [Server thread/INFO] [Minecraft/]: Entity Tracking Range: Pl 48 / An 48 / Mo 48 / Mi 32 / Di 128 / Other 64
Server threadEx[12May2025 14:27:06.584] [Server thread/INFO] [Minecraft/]: Hopper Transfer: 8 Hopper Check: 1 Hopper Amount: 1 Hopper Can Load Chunks: false
Server threadEx[12May2025 14:27:06.584] [Server thread/INFO] [Minecraft/]: Custom Map Seeds:  Village: 10387312 Desert: 14357617 Igloo: 14357618 Jungle: 14357619 Swamp: 14357620 Monument: 10387313 Ocean: 14357621 Shipwreck: 165745295 End City: 10387313 Slime: 987234911 Nether: 30084232 Mansion: 10387319 Fossil: 14357921 Portal: 34222645
Server threadEx[12May2025 14:27:06.584] [Server thread/INFO] [Minecraft/]: Max TNT Explosions: 100
Server threadEx[12May2025 14:27:06.584] [Server thread/INFO] [Minecraft/]: Tile Max Tick Time: 50ms Entity max Tick Time: 50ms
Server threadEx[12May2025 14:27:06.584] [Server thread/INFO] [Minecraft/]: View Distance: 10
Server threadEx[12May2025 14:27:06.584] [Server thread/INFO] [Minecraft/]: Item Merge Radius: 2.5
Server threadEx[12May2025 14:27:06.584] [Server thread/INFO] [Minecraft/]: Item Despawn Rate: 6000
Server threadEx[12May2025 14:27:06.584] [Server thread/INFO] [Minecraft/]: Nerfing mobs spawned from spawners: false
Server threadEx[12May2025 14:27:06.584] [Server thread/INFO] [Minecraft/]: Simulation Distance: 10
Server threadEx[12May2025 14:27:06.630] [Server thread/INFO] [Minecraft/]: -------- World Settings For [femboysword/DIM-1] --------
Server threadEx[12May2025 14:27:06.631] [Server thread/INFO] [Minecraft/]: Zombie Aggressive Towards Villager: true
Server threadEx[12May2025 14:27:06.632] [Server thread/INFO] [Minecraft/]: Experience Merge Radius: 3.0
Server threadEx[12May2025 14:27:06.632] [Server thread/INFO] [Minecraft/]: Mob Spawn Range: 6
Server threadEx[12May2025 14:27:06.632] [Server thread/INFO] [Minecraft/]: Arrow Despawn Rate: 1200 Trident Respawn Rate:1200
Server threadEx[12May2025 14:27:06.632] [Server thread/INFO] [Minecraft/]: Allow Zombie Pigmen to spawn from portal blocks: true
Server threadEx[12May2025 14:27:06.632] [Server thread/INFO] [Minecraft/]: Cactus Growth Modifier: 100%
Server threadEx[12May2025 14:27:06.632] [Server thread/INFO] [Minecraft/]: Cane Growth Modifier: 100%
Server threadEx[12May2025 14:27:06.632] [Server thread/INFO] [Minecraft/]: Melon Growth Modifier: 100%
Server threadEx[12May2025 14:27:06.632] [Server thread/INFO] [Minecraft/]: Mushroom Growth Modifier: 100%
Server threadEx[12May2025 14:27:06.632] [Server thread/INFO] [Minecraft/]: Pumpkin Growth Modifier: 100%
Server threadEx[12May2025 14:27:06.632] [Server thread/INFO] [Minecraft/]: Sapling Growth Modifier: 100%
Server threadEx[12May2025 14:27:06.632] [Server thread/INFO] [Minecraft/]: Beetroot Growth Modifier: 100%
Server threadEx[12May2025 14:27:06.632] [Server thread/INFO] [Minecraft/]: Carrot Growth Modifier: 100%
Server threadEx[12May2025 14:27:06.633] [Server thread/INFO] [Minecraft/]: Potato Growth Modifier: 100%
Server threadEx[12May2025 14:27:06.633] [Server thread/INFO] [Minecraft/]: Wheat Growth Modifier: 100%
Server threadEx[12May2025 14:27:06.633] [Server thread/INFO] [Minecraft/]: NetherWart Growth Modifier: 100%
Server threadEx[12May2025 14:27:06.633] [Server thread/INFO] [Minecraft/]: Vine Growth Modifier: 100%
Server threadEx[12May2025 14:27:06.633] [Server thread/INFO] [Minecraft/]: Cocoa Growth Modifier: 100%
Server threadEx[12May2025 14:27:06.633] [Server thread/INFO] [Minecraft/]: Bamboo Growth Modifier: 100%
Server threadEx[12May2025 14:27:06.633] [Server thread/INFO] [Minecraft/]: SweetBerry Growth Modifier: 100%
Server threadEx[12May2025 14:27:06.633] [Server thread/INFO] [Minecraft/]: Kelp Growth Modifier: 100%
Server threadEx[12May2025 14:27:06.633] [Server thread/INFO] [Minecraft/]: TwistingVines Growth Modifier: 100%
Server threadEx[12May2025 14:27:06.633] [Server thread/INFO] [Minecraft/]: WeepingVines Growth Modifier: 100%
Server threadEx[12May2025 14:27:06.633] [Server thread/INFO] [Minecraft/]: CaveVines Growth Modifier: 100%
Server threadEx[12May2025 14:27:06.634] [Server thread/INFO] [Minecraft/]: Entity Activation Range: An 32 / Mo 32 / Ra 48 / Mi 16 / Tiv true / Isa false
Server threadEx[12May2025 14:27:06.634] [Server thread/INFO] [Minecraft/]: Entity Tracking Range: Pl 48 / An 48 / Mo 48 / Mi 32 / Di 128 / Other 64
Server threadEx[12May2025 14:27:06.634] [Server thread/INFO] [Minecraft/]: Hopper Transfer: 8 Hopper Check: 1 Hopper Amount: 1 Hopper Can Load Chunks: false
Server threadEx[12May2025 14:27:06.634] [Server thread/INFO] [Minecraft/]: Custom Map Seeds:  Village: 10387312 Desert: 14357617 Igloo: 14357618 Jungle: 14357619 Swamp: 14357620 Monument: 10387313 Ocean: 14357621 Shipwreck: 165745295 End City: 10387313 Slime: 987234911 Nether: 30084232 Mansion: 10387319 Fossil: 14357921 Portal: 34222645
Server threadEx[12May2025 14:27:06.634] [Server thread/INFO] [Minecraft/]: Max TNT Explosions: 100
Server threadEx[12May2025 14:27:06.634] [Server thread/INFO] [Minecraft/]: Tile Max Tick Time: 50ms Entity max Tick Time: 50ms
Server threadEx[12May2025 14:27:06.634] [Server thread/INFO] [Minecraft/]: View Distance: 10
Server threadEx[12May2025 14:27:06.634] [Server thread/INFO] [Minecraft/]: Item Merge Radius: 2.5
Server threadEx[12May2025 14:27:06.634] [Server thread/INFO] [Minecraft/]: Item Despawn Rate: 6000
Server threadEx[12May2025 14:27:06.634] [Server thread/INFO] [Minecraft/]: Nerfing mobs spawned from spawners: false
Server threadEx[12May2025 14:27:06.634] [Server thread/INFO] [Minecraft/]: Simulation Distance: 10
Server threadEx[12May2025 14:27:06.704] [Server thread/INFO] [Minecraft/]: Server permissions file permissions.yml is empty, ignoring it
Server threadEx[12May2025 14:27:06.728] [Server thread/INFO] [net.minecraft.server.MinecraftServer/]: Preparing start region for dimension minecraft:overworld
Server threadEx[12May2025 14:27:06.947] [Worker-Main-2/INFO] [net.minecraft.class_3951/]: Preparing spawn area: 2%
Worker-Main-2Ex[12May2025 14:27:07.368] [Worker-Main-2/INFO] [net.minecraft.class_3951/]: Preparing spawn area: 2%
Worker-Main-2Ex[12May2025 14:27:07.817] [Worker-Main-2/INFO] [net.minecraft.class_3951/]: Preparing spawn area: 2%
Worker-Main-2Ex[12May2025 14:27:09.185] [Worker-Main-2/INFO] [net.minecraft.class_3951/]: Preparing spawn area: 2%
Worker-Main-2Ex[12May2025 14:27:09.300] [Worker-Main-2/INFO] [net.minecraft.class_3951/]: Preparing spawn area: 2%
Worker-Main-2Ex[12May2025 14:27:09.300] [Worker-Main-2/INFO] [net.minecraft.class_3951/]: Preparing spawn area: 2%
Worker-Main-2Ex[12May2025 14:27:09.851] [Worker-Main-2/INFO] [net.minecraft.class_3951/]: Preparing spawn area: 2%
Worker-Main-2Ex[12May2025 14:27:10.496] [Worker-Main-2/INFO] [net.minecraft.class_3951/]: Preparing spawn area: 2%
Worker-Main-2Ex[12May2025 14:27:10.790] [Worker-Main-2/INFO] [net.minecraft.class_3951/]: Preparing spawn area: 2%
Worker-Main-2Ex[12May2025 14:27:11.237] [Worker-Main-2/INFO] [net.minecraft.class_3951/]: Preparing spawn area: 2%
Worker-Main-2Ex[12May2025 14:27:11.766] [Worker-Main-2/INFO] [net.minecraft.class_3951/]: Preparing spawn area: 2%
Worker-Main-2Ex[12May2025 14:27:12.253] [Worker-Main-2/INFO] [net.minecraft.class_3951/]: Preparing spawn area: 2%
Worker-Main-2Ex[12May2025 14:27:12.942] [Worker-Main-2/INFO] [net.minecraft.class_3951/]: Preparing spawn area: 2%
Worker-Main-2Ex[12May2025 14:27:13.303] [Worker-Main-2/INFO] [net.minecraft.class_3951/]: Preparing spawn area: 2%
Worker-Main-2Ex[12May2025 14:27:13.878] [Worker-Main-2/INFO] [net.minecraft.class_3951/]: Preparing spawn area: 2%
Worker-Main-2Ex[12May2025 14:27:14.300] [Worker-Main-2/INFO] [net.minecraft.class_3951/]: Preparing spawn area: 2%
Worker-Main-2Ex[12May2025 14:27:14.853] [Worker-Main-2/INFO] [net.minecraft.class_3951/]: Preparing spawn area: 2%
Worker-Main-2Ex[12May2025 14:27:15.238] [Worker-Main-2/INFO] [net.minecraft.class_3951/]: Preparing spawn area: 2%
Worker-Main-2Ex[12May2025 14:27:15.754] [Worker-Main-2/INFO] [net.minecraft.class_3951/]: Preparing spawn area: 2%
Worker-Main-2Ex[12May2025 14:27:16.245] [Worker-Main-2/INFO] [net.minecraft.class_3951/]: Preparing spawn area: 2%
Worker-Main-2Ex[12May2025 14:27:16.736] [Worker-Main-2/INFO] [net.minecraft.class_3951/]: Preparing spawn area: 2%
Worker-Main-2Ex[12May2025 14:27:17.306] [Worker-Main-2/INFO] [net.minecraft.class_3951/]: Preparing spawn area: 2%
Worker-Main-2Ex[12May2025 14:27:17.942] [Worker-Main-2/INFO] [net.minecraft.class_3951/]: Preparing spawn area: 2%
Worker-Main-2Ex[12May2025 14:27:18.356] [Worker-Main-2/INFO] [net.minecraft.class_3951/]: Preparing spawn area: 2%
Worker-Main-2Ex[12May2025 14:27:18.734] [Worker-Main-2/INFO] [net.minecraft.class_3951/]: Preparing spawn area: 2%
Worker-Main-2Ex[12May2025 14:27:19.235] [Worker-Main-2/INFO] [net.minecraft.class_3951/]: Preparing spawn area: 2%
Worker-Main-2Ex[12May2025 14:27:19.845] [Worker-Main-2/INFO] [net.minecraft.class_3951/]: Preparing spawn area: 6%
Worker-Main-2Ex[12May2025 14:27:20.311] [Worker-Main-2/INFO] [net.minecraft.class_3951/]: Preparing spawn area: 30%
Worker-Main-2Ex[12May2025 14:27:20.808] [Worker-Main-2/INFO] [net.minecraft.class_3951/]: Preparing spawn area: 38%
Worker-Main-2Ex[12May2025 14:27:21.233] [Worker-Main-2/INFO] [net.minecraft.class_3951/]: Preparing spawn area: 51%
Worker-Main-2Ex[12May2025 14:27:21.801] [Worker-Main-2/INFO] [net.minecraft.class_3951/]: Preparing spawn area: 51%
Worker-Main-2Ex[12May2025 14:27:22.288] [Worker-Main-2/INFO] [net.minecraft.class_3951/]: Preparing spawn area: 89%
Worker-Main-2Ex[12May2025 14:27:23.019] [Server thread/INFO] [net.minecraft.class_3951/]: Time elapsed: 16290 ms
Server threadEx[12May2025 14:27:23.022] [Server thread/INFO] [net.minecraft.class_3176/]: Done (41.041s)! For help, type "help"
Server threadEx